# JRE version: Java(TM) SE Runtime Environment (21.0.4+8) (build 21.0.4+8-LTS-274)
# Java VM: Java HotSpot(TM) 64-Bit Server VM (21.0.4+8-LTS-274, mixed mode, sharing, tiered, compressed oops, compressed class ptrs, g1 gc, windows-amd64)
GC Precious Log:
 CardTable entry size: 512
 Card Set container configuration: InlinePtr #cards 4 size 8 Array Of Cards #cards 16 size 48 Howl #buckets 8 coarsen threshold 3686 Howl Bitmap #cards 512 size 80 coarsen threshold 460 Card regions per heap region 1 cards per card region 4096
 CPUs: 8 total, 8 available
 Memory: 16183M
 Large Page Support: Disabled
 NUMA Support: Disabled
 Compressed Oops: Enabled (Zero based)
 Heap Region Size: 2M
 Heap Min Capacity: 8M
 Heap Initial Capacity: 254M
 Heap Max Capacity: 4046M
 Pre-touch: Disabled
 Parallel Workers: 8
 Concurrent Workers: 2
 Concurrent Refinement Workers: 8
 Periodic GC: Disabled
Heap:
 garbage-first heap   total 63488K, used 25420K [0x0000000703200000, 0x0000000800000000)
  region size 2048K, 5 young (10240K), 2 survivors (4096K)
 Metaspace       used 44570K, committed 45376K, reserved 1114112K
  class space    used 5451K, committed 5824K, reserved 1048576K
GC Heap History (20 events):
Event: 5.641 GC heap before
{Heap before GC invocations=6 (full 0):
 garbage-first heap   total 63488K, used 47343K [0x0000000703200000, 0x0000000800000000)
  region size 2048K, 18 young (36864K), 2 survivors (4096K)
 Metaspace       used 29951K, committed 30464K, reserved 1114112K
  class space    used 3643K, committed 3840K, reserved 1048576K
}
Event: 5.647 GC heap after
{Heap after GC invocations=7 (full 0):
 garbage-first heap   total 63488K, used 16152K [0x0000000703200000, 0x0000000800000000)
  region size 2048K, 2 young (4096K), 2 survivors (4096K)
 Metaspace       used 29951K, committed 30464K, reserved 1114112K
  class space    used 3643K, committed 3840K, reserved 1048576K
}
Event: 6.391 GC heap before
{Heap before GC invocations=7 (full 0):
 garbage-first heap   total 63488K, used 46872K [0x0000000703200000, 0x0000000800000000)
  region size 2048K, 18 young (36864K), 2 survivors (4096K)
 Metaspace       used 33949K, committed 34368K, reserved 1114112K
  class space    used 4174K, committed 4352K, reserved 1048576K
}
Event: 6.395 GC heap after
{Heap after GC invocations=8 (full 0):
 garbage-first heap   total 63488K, used 16745K [0x0000000703200000, 0x0000000800000000)
  region size 2048K, 2 young (4096K), 2 survivors (4096K)
 Metaspace       used 33949K, committed 34368K, reserved 1114112K
  class space    used 4174K, committed 4352K, reserved 1048576K
}
Event: 6.641 GC heap before
{Heap before GC invocations=8 (full 0):
 garbage-first heap   total 63488K, used 26985K [0x0000000703200000, 0x0000000800000000)
  region size 2048K, 8 young (16384K), 2 survivors (4096K)
 Metaspace       used 35441K, committed 35968K, reserved 1114112K
  class space    used 4327K, committed 4544K, reserved 1048576K
}
Event: 6.645 GC heap after
{Heap after GC invocations=9 (full 0):
 garbage-first heap   total 63488K, used 17209K [0x0000000703200000, 0x0000000800000000)
  region size 2048K, 2 young (4096K), 2 survivors (4096K)
 Metaspace       used 35441K, committed 35968K, reserved 1114112K
  class space    used 4327K, committed 4544K, reserved 1048576K
}
Event: 7.867 GC heap before
{Heap before GC invocations=10 (full 0):
 garbage-first heap   total 63488K, used 49977K [0x0000000703200000, 0x0000000800000000)
  region size 2048K, 18 young (36864K), 2 survivors (4096K)
 Metaspace       used 37773K, committed 38400K, reserved 1114112K
  class space    used 4657K, committed 4928K, reserved 1048576K
}
Event: 7.871 GC heap after
{Heap after GC invocations=11 (full 0):
 garbage-first heap   total 63488K, used 19654K [0x0000000703200000, 0x0000000800000000)
  region size 2048K, 3 young (6144K), 3 survivors (6144K)
 Metaspace       used 37773K, committed 38400K, reserved 1114112K
  class space    used 4657K, committed 4928K, reserved 1048576K
}
Event: 8.389 GC heap before
{Heap before GC invocations=11 (full 0):
 garbage-first heap   total 63488K, used 48326K [0x0000000703200000, 0x0000000800000000)
  region size 2048K, 17 young (34816K), 3 survivors (6144K)
 Metaspace       used 40096K, committed 40768K, reserved 1114112K
  class space    used 4983K, committed 5312K, reserved 1048576K
}
Event: 8.395 GC heap after
{Heap after GC invocations=12 (full 0):
 garbage-first heap   total 63488K, used 20633K [0x0000000703200000, 0x0000000800000000)
  region size 2048K, 3 young (6144K), 3 survivors (6144K)
 Metaspace       used 40096K, committed 40768K, reserved 1114112K
  class space    used 4983K, committed 5312K, reserved 1048576K
}
Event: 64.954 GC heap before
{Heap before GC invocations=12 (full 0):
 garbage-first heap   total 63488K, used 49305K [0x0000000703200000, 0x0000000800000000)
  region size 2048K, 17 young (34816K), 3 survivors (6144K)
 Metaspace       used 42983K, committed 43712K, reserved 1114112K
  class space    used 5375K, committed 5696K, reserved 1048576K
}
Event: 64.964 GC heap after
{Heap after GC invocations=13 (full 0):
 garbage-first heap   total 63488K, used 21848K [0x0000000703200000, 0x0000000800000000)
  region size 2048K, 2 young (4096K), 2 survivors (4096K)
 Metaspace       used 42983K, committed 43712K, reserved 1114112K
  class space    used 5375K, committed 5696K, reserved 1048576K
}
Event: 162.141 GC heap before
{Heap before GC invocations=13 (full 0):
 garbage-first heap   total 63488K, used 27992K [0x0000000703200000, 0x0000000800000000)
  region size 2048K, 6 young (12288K), 2 survivors (4096K)
 Metaspace       used 43185K, committed 43904K, reserved 1114112K
  class space    used 5400K, committed 5760K, reserved 1048576K
}
Event: 162.203 GC heap after
{Heap after GC invocations=14 (full 1):
 garbage-first heap   total 63488K, used 17859K [0x0000000703200000, 0x0000000800000000)
  region size 2048K, 0 young (0K), 0 survivors (0K)
 Metaspace       used 43185K, committed 43904K, reserved 1114112K
  class space    used 5400K, committed 5760K, reserved 1048576K
}
Event: 164.924 GC heap before
{Heap before GC invocations=14 (full 1):
 garbage-first heap   total 63488K, used 54723K [0x0000000703200000, 0x0000000800000000)
  region size 2048K, 18 young (36864K), 0 survivors (0K)
 Metaspace       used 43720K, committed 44480K, reserved 1114112K
  class space    used 5416K, committed 5760K, reserved 1048576K
}
Event: 164.928 GC heap after
{Heap after GC invocations=15 (full 1):
 garbage-first heap   total 63488K, used 21203K [0x0000000703200000, 0x0000000800000000)
  region size 2048K, 2 young (4096K), 2 survivors (4096K)
 Metaspace       used 43720K, committed 44480K, reserved 1114112K
  class space    used 5416K, committed 5760K, reserved 1048576K
}
Event: 406.928 GC heap before
{Heap before GC invocations=15 (full 1):
 garbage-first heap   total 63488K, used 47827K [0x0000000703200000, 0x0000000800000000)
  region size 2048K, 16 young (32768K), 2 survivors (4096K)
 Metaspace       used 44153K, committed 44864K, reserved 1114112K
  class space    used 5433K, committed 5760K, reserved 1048576K
}
Event: 407.009 GC heap after
{Heap after GC invocations=16 (full 2):
 garbage-first heap   total 63488K, used 18088K [0x0000000703200000, 0x0000000800000000)
  region size 2048K, 0 young (0K), 0 survivors (0K)
 Metaspace       used 44150K, committed 44864K, reserved 1114112K
  class space    used 5433K, committed 5760K, reserved 1048576K
}
Event: 408.009 GC heap before
{Heap before GC invocations=16 (full 2):
 garbage-first heap   total 63488K, used 52904K [0x0000000703200000, 0x0000000800000000)
  region size 2048K, 17 young (34816K), 0 survivors (0K)
 Metaspace       used 44418K, committed 45184K, reserved 1114112K
  class space    used 5446K, committed 5824K, reserved 1048576K
}
Event: 408.013 GC heap after
{Heap after GC invocations=17 (full 2):
 garbage-first heap   total 63488K, used 21324K [0x0000000703200000, 0x0000000800000000)
  region size 2048K, 2 young (4096K), 2 survivors (4096K)
 Metaspace       used 44418K, committed 45184K, reserved 1114112K
  class space    used 5446K, committed 5824K, reserved 1048576K
}

